<?xml version="1.0" encoding="UTF-8"?>
<testng-results ignored="0" total="1" passed="1" failed="0" skipped="0">
  <reporter-output>
  </reporter-output>
  <suite started-at="2024-03-27T23:56:46 IST" name="Default suite" finished-at="2024-03-27T23:56:49 IST" duration-ms="2470">
    <groups>
    </groups>
    <test started-at="2024-03-27T23:56:46 IST" name="Default test" finished-at="2024-03-27T23:56:49 IST" duration-ms="2470">
      <class name="demo.testautomation.pratciceTest.saucedemo_practiceTest">
        <test-method signature="remoteLoginTest()[pri:0, instance:demo.testautomation.pratciceTest.saucedemo_practiceTest@49049a04]" started-at="2024-03-27T23:56:46 IST" name="remoteLoginTest" finished-at="2024-03-27T23:56:49 IST" duration-ms="2432" status="PASS">
          <reporter-output>
          </reporter-output>
        </test-method> <!-- remoteLoginTest -->
      </class> <!-- demo.testautomation.pratciceTest.saucedemo_practiceTest -->
    </test> <!-- Default test -->
  </suite> <!-- Default suite -->
</testng-results>
